<?xml version="1.0" encoding="UTF-8"?>
<testng-results ignored="0" total="2" passed="2" failed="0" skipped="0">
  <reporter-output>
  </reporter-output>
  <suite started-at="2023-02-09T17:13:54 EST" name="OpencartSuite" finished-at="2023-02-09T17:14:16 EST" duration-ms="21648">
    <groups>
      <group name="Master">
        <method signature="TC_001_AccountRegistration.testAccountRegistration()[pri:0, instance:testCases.TC_001_AccountRegistration@4567f35d]" name="testAccountRegistration" class="testCases.TC_001_AccountRegistration"/>
        <method signature="TC_002_LoginTest.test_Login()[pri:0, instance:testCases.TC_002_LoginTest@6b927fb]" name="test_Login" class="testCases.TC_002_LoginTest"/>
      </group> <!-- Master -->
      <group name="Sanity">
        <method signature="TC_002_LoginTest.test_Login()[pri:0, instance:testCases.TC_002_LoginTest@6b927fb]" name="test_Login" class="testCases.TC_002_LoginTest"/>
      </group> <!-- Sanity -->
      <group name="Regression">
        <method signature="TC_001_AccountRegistration.testAccountRegistration()[pri:0, instance:testCases.TC_001_AccountRegistration@4567f35d]" name="testAccountRegistration" class="testCases.TC_001_AccountRegistration"/>
      </group> <!-- Regression -->
    </groups>
    <test started-at="2023-02-09T17:13:54 EST" name="OpencartTest" finished-at="2023-02-09T17:14:16 EST" duration-ms="21648">
      <class name="testCases.TC_002_LoginTest">
        <test-method is-config="true" signature="setUp(java.lang.String)[pri:0, instance:testCases.TC_002_LoginTest@6b927fb]" started-at="2023-02-09T17:14:06 EST" name="setUp" finished-at="2023-02-09T17:14:09 EST" duration-ms="2673" status="PASS">
          <params>
            <param index="0">
              <value>
                <![CDATA[chrome]]>
              </value>
            </param>
          </params>
          <reporter-output>
          </reporter-output>
        </test-method> <!-- setUp -->
        <test-method signature="test_Login()[pri:0, instance:testCases.TC_002_LoginTest@6b927fb]" started-at="2023-02-09T17:14:09 EST" name="test_Login" finished-at="2023-02-09T17:14:15 EST" duration-ms="6451" status="PASS">
          <reporter-output>
          </reporter-output>
        </test-method> <!-- test_Login -->
        <test-method is-config="true" signature="tearDown()[pri:0, instance:testCases.TC_002_LoginTest@6b927fb]" started-at="2023-02-09T17:14:15 EST" name="tearDown" finished-at="2023-02-09T17:14:16 EST" duration-ms="360" status="PASS">
          <reporter-output>
          </reporter-output>
        </test-method> <!-- tearDown -->
      </class> <!-- testCases.TC_002_LoginTest -->
      <class name="testCases.TC_001_AccountRegistration">
        <test-method is-config="true" signature="setUp(java.lang.String)[pri:0, instance:testCases.TC_001_AccountRegistration@4567f35d]" started-at="2023-02-09T17:13:54 EST" name="setUp" finished-at="2023-02-09T17:13:59 EST" duration-ms="5005" status="PASS">
          <params>
            <param index="0">
              <value>
                <![CDATA[chrome]]>
              </value>
            </param>
          </params>
          <reporter-output>
          </reporter-output>
        </test-method> <!-- setUp -->
        <test-method signature="testAccountRegistration()[pri:0, instance:testCases.TC_001_AccountRegistration@4567f35d]" started-at="2023-02-09T17:13:59 EST" name="testAccountRegistration" finished-at="2023-02-09T17:14:06 EST" duration-ms="6368" status="PASS">
          <reporter-output>
          </reporter-output>
        </test-method> <!-- testAccountRegistration -->
        <test-method is-config="true" signature="tearDown()[pri:0, instance:testCases.TC_001_AccountRegistration@4567f35d]" started-at="2023-02-09T17:14:06 EST" name="tearDown" finished-at="2023-02-09T17:14:06 EST" duration-ms="363" status="PASS">
          <reporter-output>
          </reporter-output>
        </test-method> <!-- tearDown -->
      </class> <!-- testCases.TC_001_AccountRegistration -->
    </test> <!-- OpencartTest -->
  </suite> <!-- OpencartSuite -->
</testng-results>
