<?xml version="1.0" encoding="UTF-8"?>
<testng-results ignored="0" total="2" passed="2" failed="0" skipped="0">
  <reporter-output>
  </reporter-output>
  <suite started-at="2023-02-09T16:01:55 EST" name="OpencartSuite" finished-at="2023-02-09T16:02:08 EST" duration-ms="12538">
    <groups>
      <group name="Master">
        <method signature="TC_001_AccountRegistration.testAccountRegistration()[pri:0, instance:testCases.TC_001_AccountRegistration@16293aa2]" name="testAccountRegistration" class="testCases.TC_001_AccountRegistration"/>
        <method signature="TC_002_LoginTest.test_Login()[pri:0, instance:testCases.TC_002_LoginTest@3a93b025]" name="test_Login" class="testCases.TC_002_LoginTest"/>
      </group> <!-- Master -->
      <group name="Sanity">
        <method signature="TC_002_LoginTest.test_Login()[pri:0, instance:testCases.TC_002_LoginTest@3a93b025]" name="test_Login" class="testCases.TC_002_LoginTest"/>
      </group> <!-- Sanity -->
      <group name="Regression">
        <method signature="TC_001_AccountRegistration.testAccountRegistration()[pri:0, instance:testCases.TC_001_AccountRegistration@16293aa2]" name="testAccountRegistration" class="testCases.TC_001_AccountRegistration"/>
      </group> <!-- Regression -->
    </groups>
    <test started-at="2023-02-09T16:01:55 EST" name="OpencartTest" finished-at="2023-02-09T16:02:08 EST" duration-ms="12538">
      <class name="testCases.TC_002_LoginTest">
        <test-method is-config="true" signature="setUp(java.lang.String)[pri:0, instance:testCases.TC_002_LoginTest@3a93b025]" started-at="2023-02-09T16:02:02 EST" name="setUp" finished-at="2023-02-09T16:02:03 EST" duration-ms="1228" status="PASS">
          <params>
            <param index="0">
              <value>
                <![CDATA[chrome]]>
              </value>
            </param>
          </params>
          <reporter-output>
          </reporter-output>
        </test-method> <!-- setUp -->
        <test-method signature="test_Login()[pri:0, instance:testCases.TC_002_LoginTest@3a93b025]" started-at="2023-02-09T16:02:03 EST" name="test_Login" finished-at="2023-02-09T16:02:08 EST" duration-ms="4250" status="PASS">
          <reporter-output>
          </reporter-output>
        </test-method> <!-- test_Login -->
        <test-method is-config="true" signature="tearDown()[pri:0, instance:testCases.TC_002_LoginTest@3a93b025]" started-at="2023-02-09T16:02:08 EST" name="tearDown" finished-at="2023-02-09T16:02:08 EST" duration-ms="177" status="PASS">
          <reporter-output>
          </reporter-output>
        </test-method> <!-- tearDown -->
      </class> <!-- testCases.TC_002_LoginTest -->
      <class name="testCases.TC_001_AccountRegistration">
        <test-method is-config="true" signature="setUp(java.lang.String)[pri:0, instance:testCases.TC_001_AccountRegistration@16293aa2]" started-at="2023-02-09T16:01:55 EST" name="setUp" finished-at="2023-02-09T16:01:58 EST" duration-ms="2382" status="PASS">
          <params>
            <param index="0">
              <value>
                <![CDATA[chrome]]>
              </value>
            </param>
          </params>
          <reporter-output>
          </reporter-output>
        </test-method> <!-- setUp -->
        <test-method signature="testAccountRegistration()[pri:0, instance:testCases.TC_001_AccountRegistration@16293aa2]" started-at="2023-02-09T16:01:58 EST" name="testAccountRegistration" finished-at="2023-02-09T16:02:02 EST" duration-ms="4066" status="PASS">
          <reporter-output>
          </reporter-output>
        </test-method> <!-- testAccountRegistration -->
        <test-method is-config="true" signature="tearDown()[pri:0, instance:testCases.TC_001_AccountRegistration@16293aa2]" started-at="2023-02-09T16:02:02 EST" name="tearDown" finished-at="2023-02-09T16:02:02 EST" duration-ms="207" status="PASS">
          <reporter-output>
          </reporter-output>
        </test-method> <!-- tearDown -->
      </class> <!-- testCases.TC_001_AccountRegistration -->
    </test> <!-- OpencartTest -->
  </suite> <!-- OpencartSuite -->
</testng-results>
